c:\users\justin\source\repos\cse168_final\bin-int\release-x64\cse168_final.pch
c:\users\justin\source\repos\cse168_final\bin-int\release-x64\vc142.pdb
c:\users\justin\source\repos\cse168_final\bin-int\release-x64\application.obj
c:\users\justin\source\repos\cse168_final\bin-int\release-x64\input.obj
c:\users\justin\source\repos\cse168_final\bin-int\release-x64\logger.obj
c:\users\justin\source\repos\cse168_final\bin-int\release-x64\window.obj
c:\users\justin\source\repos\cse168_final\bin-int\release-x64\oglpch.obj
c:\users\justin\source\repos\cse168_final\bin-int\release-x64\buffer.obj
c:\users\justin\source\repos\cse168_final\bin-int\release-x64\camera.obj
c:\users\justin\source\repos\cse168_final\bin-int\release-x64\mesh.obj
c:\users\justin\source\repos\cse168_final\bin-int\release-x64\model.obj
c:\users\justin\source\repos\cse168_final\bin-int\release-x64\shader.obj
c:\users\justin\source\repos\cse168_final\bin-int\release-x64\texture.obj
c:\users\justin\source\repos\cse168_final\bin-int\release-x64\vertexarray.obj
c:\users\justin\source\repos\cse168_final\bin-int\release-x64\basicscene.obj
c:\users\justin\source\repos\cse168_final\bin-int\release-x64\checkpointscene.obj
c:\users\justin\source\repos\cse168_final\bin-int\release-x64\glad.obj
c:\users\justin\source\repos\cse168_final\bin-int\release-x64\stb_image.obj
c:\users\justin\source\repos\cse168_final\bin\release-x64\cse168_final.exe
c:\users\justin\source\repos\cse168_final\bin-int\release-x64\cse168_final.ipdb
c:\users\justin\source\repos\cse168_final\bin-int\release-x64\cse168_final.iobj
c:\users\justin\source\repos\cse168_final\bin\release-x64\cse168_final.pdb
c:\users\justin\source\repos\cse168_final\bin-int\release-x64\cse168_final.tlog\cl.command.1.tlog
c:\users\justin\source\repos\cse168_final\bin-int\release-x64\cse168_final.tlog\cl.read.1.tlog
c:\users\justin\source\repos\cse168_final\bin-int\release-x64\cse168_final.tlog\cl.write.1.tlog
c:\users\justin\source\repos\cse168_final\bin-int\release-x64\cse168_final.tlog\link.command.1.tlog
c:\users\justin\source\repos\cse168_final\bin-int\release-x64\cse168_final.tlog\link.read.1.tlog
c:\users\justin\source\repos\cse168_final\bin-int\release-x64\cse168_final.tlog\link.write.1.tlog
